# JRE version: OpenJDK Runtime Environment (7.0_51-b31) (build 1.7.0_51-b31)
# Java VM: OpenJDK 64-Bit Server VM (24.51-b03 mixed mode linux-amd64 compressed oops)
Heap
 PSYoungGen      total 272896K, used 4160K [0x00000000eaa80000, 0x0000000100000000, 0x0000000100000000)
  eden space 205312K, 2% used [0x00000000eaa80000,0x00000000eae90178,0x00000000f7300000)
  from space 67584K, 0% used [0x00000000fbe00000,0x00000000fbe00000,0x0000000100000000)
  to   space 72192K, 0% used [0x00000000f7300000,0x00000000f7300000,0x00000000fb980000)
 ParOldGen       total 210432K, used 210410K [0x00000000c0000000, 0x00000000ccd80000, 0x00000000eaa80000)
  object space 210432K, 99% used [0x00000000c0000000,0x00000000ccd7a980,0x00000000ccd80000)
 PSPermGen       total 166912K, used 137653K [0x00000000b0000000, 0x00000000ba300000, 0x00000000c0000000)
  object space 166912K, 82% used [0x00000000b0000000,0x00000000b866d500,0x00000000ba300000)
GC Heap History (10 events):
Event: 1150.384 GC heap after
Heap after GC invocations=41 (full 8):
 PSYoungGen      total 274432K, used 24649K [0x00000000eaa80000, 0x00000000ff900000, 0x0000000100000000)
  eden space 212992K, 0% used [0x00000000eaa80000,0x00000000eaa80000,0x00000000f7a80000)
  from space 61440K, 40% used [0x00000000f7a80000,0x00000000f9292630,0x00000000fb680000)
  to   space 57856K, 0% used [0x00000000fc080000,0x00000000fc080000,0x00000000ff900000)
 ParOldGen       total 210432K, used 159335K [0x00000000c0000000, 0x00000000ccd80000, 0x00000000eaa80000)
  object space 210432K, 75% used [0x00000000c0000000,0x00000000c9b99ff8,0x00000000ccd80000)
 PSPermGen       total 144384K, used 116308K [0x00000000b0000000, 0x00000000b8d00000, 0x00000000c0000000)
  object space 144384K, 80% used [0x00000000b0000000,0x00000000b7195320,0x00000000b8d00000)
}
Event: 1170.214 GC heap before
{Heap before GC invocations=42 (full 8):
 PSYoungGen      total 274432K, used 237641K [0x00000000eaa80000, 0x00000000ff900000, 0x0000000100000000)
  eden space 212992K, 100% used [0x00000000eaa80000,0x00000000f7a80000,0x00000000f7a80000)
  from space 61440K, 40% used [0x00000000f7a80000,0x00000000f9292630,0x00000000fb680000)
  to   space 57856K, 0% used [0x00000000fc080000,0x00000000fc080000,0x00000000ff900000)
 ParOldGen       total 210432K, used 159335K [0x00000000c0000000, 0x00000000ccd80000, 0x00000000eaa80000)
  object space 210432K, 75% used [0x00000000c0000000,0x00000000c9b99ff8,0x00000000ccd80000)
 PSPermGen       total 144384K, used 123601K [0x00000000b0000000, 0x00000000b8d00000, 0x00000000c0000000)
  object space 144384K, 85% used [0x00000000b0000000,0x00000000b78b4720,0x00000000b8d00000)
Event: 1170.246 GC heap after
Heap after GC invocations=42 (full 8):
 PSYoungGen      total 281600K, used 40501K [0x00000000eaa80000, 0x00000000ffd00000, 0x0000000100000000)
  eden space 223744K, 0% used [0x00000000eaa80000,0x00000000eaa80000,0x00000000f8500000)
  from space 57856K, 70% used [0x00000000fc080000,0x00000000fe80d5c0,0x00000000ff900000)
  to   space 60928K, 0% used [0x00000000f8500000,0x00000000f8500000,0x00000000fc080000)
 ParOldGen       total 210432K, used 159335K [0x00000000c0000000, 0x00000000ccd80000, 0x00000000eaa80000)
  object space 210432K, 75% used [0x00000000c0000000,0x00000000c9b99ff8,0x00000000ccd80000)
 PSPermGen       total 144384K, used 123601K [0x00000000b0000000, 0x00000000b8d00000, 0x00000000c0000000)
  object space 144384K, 85% used [0x00000000b0000000,0x00000000b78b4720,0x00000000b8d00000)
}
Event: 1450.009 GC heap before
{Heap before GC invocations=43 (full 8):
 PSYoungGen      total 281600K, used 264245K [0x00000000eaa80000, 0x00000000ffd00000, 0x0000000100000000)
  eden space 223744K, 100% used [0x00000000eaa80000,0x00000000f8500000,0x00000000f8500000)
  from space 57856K, 70% used [0x00000000fc080000,0x00000000fe80d5c0,0x00000000ff900000)
  to   space 60928K, 0% used [0x00000000f8500000,0x00000000f8500000,0x00000000fc080000)
 ParOldGen       total 210432K, used 159335K [0x00000000c0000000, 0x00000000ccd80000, 0x00000000eaa80000)
  object space 210432K, 75% used [0x00000000c0000000,0x00000000c9b99ff8,0x00000000ccd80000)
 PSPermGen       total 144384K, used 130263K [0x00000000b0000000, 0x00000000b8d00000, 0x00000000c0000000)
  object space 144384K, 90% used [0x00000000b0000000,0x00000000b7f35e20,0x00000000b8d00000)
Event: 1450.056 GC heap after
Heap after GC invocations=43 (full 8):
 PSYoungGen      total 276992K, used 53018K [0x00000000eaa80000, 0x0000000100000000, 0x0000000100000000)
  eden space 223744K, 0% used [0x00000000eaa80000,0x00000000eaa80000,0x00000000f8500000)
  from space 53248K, 99% used [0x00000000f8500000,0x00000000fb8c6aa0,0x00000000fb900000)
  to   space 67584K, 0% used [0x00000000fbe00000,0x00000000fbe00000,0x0000000100000000)
 ParOldGen       total 210432K, used 159335K [0x00000000c0000000, 0x00000000ccd80000, 0x00000000eaa80000)
  object space 210432K, 75% used [0x00000000c0000000,0x00000000c9b99ff8,0x00000000ccd80000)
 PSPermGen       total 144384K, used 130263K [0x00000000b0000000, 0x00000000b8d00000, 0x00000000c0000000)
  object space 144384K, 90% used [0x00000000b0000000,0x00000000b7f35e20,0x00000000b8d00000)
}
Event: 1468.341 GC heap before
{Heap before GC invocations=44 (full 8):
 PSYoungGen      total 276992K, used 216653K [0x00000000eaa80000, 0x0000000100000000, 0x0000000100000000)
  eden space 223744K, 73% used [0x00000000eaa80000,0x00000000f4a4cb28,0x00000000f8500000)
  from space 53248K, 99% used [0x00000000f8500000,0x00000000fb8c6aa0,0x00000000fb900000)
  to   space 67584K, 0% used [0x00000000fbe00000,0x00000000fbe00000,0x0000000100000000)
 ParOldGen       total 210432K, used 159335K [0x00000000c0000000, 0x00000000ccd80000, 0x00000000eaa80000)
  object space 210432K, 75% used [0x00000000c0000000,0x00000000c9b99ff8,0x00000000ccd80000)
 PSPermGen       total 144384K, used 132218K [0x00000000b0000000, 0x00000000b8d00000, 0x00000000c0000000)
  object space 144384K, 91% used [0x00000000b0000000,0x00000000b811eb38,0x00000000b8d00000)
Event: 1468.401 GC heap after
Heap after GC invocations=44 (full 8):
 PSYoungGen      total 272896K, used 50274K [0x00000000eaa80000, 0x0000000100000000, 0x0000000100000000)
  eden space 205312K, 0% used [0x00000000eaa80000,0x00000000eaa80000,0x00000000f7300000)
  from space 67584K, 74% used [0x00000000fbe00000,0x00000000fef189a8,0x0000000100000000)
  to   space 72192K, 0% used [0x00000000f7300000,0x00000000f7300000,0x00000000fb980000)
 ParOldGen       total 210432K, used 159335K [0x00000000c0000000, 0x00000000ccd80000, 0x00000000eaa80000)
  object space 210432K, 75% used [0x00000000c0000000,0x00000000c9b99ff8,0x00000000ccd80000)
 PSPermGen       total 144384K, used 132218K [0x00000000b0000000, 0x00000000b8d00000, 0x00000000c0000000)
  object space 144384K, 91% used [0x00000000b0000000,0x00000000b811eb38,0x00000000b8d00000)
}
Event: 1468.401 GC heap before
{Heap before GC invocations=45 (full 9):
 PSYoungGen      total 272896K, used 50274K [0x00000000eaa80000, 0x0000000100000000, 0x0000000100000000)
  eden space 205312K, 0% used [0x00000000eaa80000,0x00000000eaa80000,0x00000000f7300000)
  from space 67584K, 74% used [0x00000000fbe00000,0x00000000fef189a8,0x0000000100000000)
  to   space 72192K, 0% used [0x00000000f7300000,0x00000000f7300000,0x00000000fb980000)
 ParOldGen       total 210432K, used 159335K [0x00000000c0000000, 0x00000000ccd80000, 0x00000000eaa80000)
  object space 210432K, 75% used [0x00000000c0000000,0x00000000c9b99ff8,0x00000000ccd80000)
 PSPermGen       total 144384K, used 132218K [0x00000000b0000000, 0x00000000b8d00000, 0x00000000c0000000)
  object space 144384K, 91% used [0x00000000b0000000,0x00000000b811eb38,0x00000000b8d00000)
Event: 1469.912 GC heap after
Heap after GC invocations=45 (full 9):
 PSYoungGen      total 272896K, used 0K [0x00000000eaa80000, 0x0000000100000000, 0x0000000100000000)
  eden space 205312K, 0% used [0x00000000eaa80000,0x00000000eaa80000,0x00000000f7300000)
  from space 67584K, 0% used [0x00000000fbe00000,0x00000000fbe00000,0x0000000100000000)
  to   space 72192K, 0% used [0x00000000f7300000,0x00000000f7300000,0x00000000fb980000)
 ParOldGen       total 210432K, used 192122K [0x00000000c0000000, 0x00000000ccd80000, 0x00000000eaa80000)
  object space 210432K, 91% used [0x00000000c0000000,0x00000000cbb9e840,0x00000000ccd80000)
 PSPermGen       total 166912K, used 131747K [0x00000000b0000000, 0x00000000ba300000, 0x00000000c0000000)
  object space 166912K, 78% used [0x00000000b0000000,0x00000000b80a8cf8,0x00000000ba300000)
}
Event: 1644.769 GC heap before
{Heap before GC invocations=46 (full 10):
 PSYoungGen      total 272896K, used 205312K [0x00000000eaa80000, 0x0000000100000000, 0x0000000100000000)
  eden space 205312K, 100% used [0x00000000eaa80000,0x00000000f7300000,0x00000000f7300000)
  from space 67584K, 0% used [0x00000000fbe00000,0x00000000fbe00000,0x0000000100000000)
  to   space 72192K, 0% used [0x00000000f7300000,0x00000000f7300000,0x00000000fb980000)
 ParOldGen       total 210432K, used 192122K [0x00000000c0000000, 0x00000000ccd80000, 0x00000000eaa80000)
  object space 210432K, 91% used [0x00000000c0000000,0x00000000cbb9e840,0x00000000ccd80000)
 PSPermGen       total 166912K, used 137656K [0x00000000b0000000, 0x00000000ba300000, 0x00000000c0000000)
  object space 166912K, 82% used [0x00000000b0000000,0x00000000b866e2c8,0x00000000ba300000)

